#
# There is insufficient memory for the Java Runtime Environment to continue.
# Native memory allocation (mmap) failed to map 65536 bytes. Error detail: Failed to commit metaspace.
# Possible reasons:
#   The system is out of physical RAM or swap space
#   This process is running with CompressedOops enabled, and the Java Heap may be blocking the growth of the native heap
# Possible solutions:
#   Reduce memory load on the system
#   Increase physical memory or swap space
#   Check if swap backing store is full
#   Decrease Java heap size (-Xmx/-Xms)
#   Decrease number of Java threads
#   Decrease Java thread stack sizes (-Xss)
#   Set larger code cache with -XX:ReservedCodeCacheSize=
#   JVM is running with Unscaled Compressed Oops mode in which the Java heap is
#     placed in the first 4GB address space. The Java Heap base address is the
#     maximum limit for the native heap growth. Please use -XX:HeapBaseMinAddress
#     to set the Java Heap base and to place the Java Heap above 4GB virtual address.
# This output file may be truncated or incomplete.
#
#  Out of Memory Error (virtualSpaceNode.cpp:112), pid=2716, tid=11332
#
# JRE version: Java(TM) SE Runtime Environment (22.0+36) (build 22+36-2370)
# Java VM: Java HotSpot(TM) 64-Bit Server VM (22+36-2370, mixed mode, tiered, compressed oops, compressed class ptrs, g1 gc, windows-amd64)
# No core dump will be written. Minidumps are not enabled by default on client versions of Windows
#

---------------  S U M M A R Y ------------

Command Line: -Dapplication.home=C:\Program Files\Java\jdk-22 --add-modules=ALL-DEFAULT -Xms8m -Djdk.module.main=jdk.compiler jdk.compiler/com.sun.tools.javac.Main -d C:\Users\RAMU\OneDrive\Documents\NetBeansProjects\Travel and Tourism\build\classes -classpath C:\Users\RAMU\OneDrive\Documents\NetBeansProjects\Travel and Tourism\build\classes;C:\mysql-connector-java-8.0.28.jar -sourcepath C:\Users\RAMU\OneDrive\Documents\NetBeansProjects\Travel and Tourism\build\empty -target 22 -encoding UTF-8 -g -processorpath C:\mysql-connector-java-8.0.28.jar;C:\Users\RAMU\OneDrive\Documents\NetBeansProjects\Travel and Tourism\build\empty -s C:\Users\RAMU\OneDrive\Documents\NetBeansProjects\Travel and Tourism\build\generated-sources\ap-source-output -source 22 C:\Users\RAMU\OneDrive\Documents\NetBeansProjects\Travel and Tourism\src\travel\and\tourism\AddCustomer.java C:\Users\RAMU\OneDrive\Documents\NetBeansProjects\Travel and Tourism\src\travel\and\tourism\BookPackage.java C:\Users\RAMU\OneDrive\Documents\NetBeansProjects\Travel and Tourism\src\travel\and\tourism\CheckPackage.java C:\Users\RAMU\OneDrive\Documents\NetBeansProjects\Travel and Tourism\src\travel\and\tourism\Conn.java C:\Users\RAMU\OneDrive\Documents\NetBeansProjects\Travel and Tourism\src\travel\and\tourism\Dashboard.java C:\Users\RAMU\OneDrive\Documents\NetBeansProjects\Travel and Tourism\src\travel\and\tourism\ForgetPassword.java C:\Users\RAMU\OneDrive\Documents\NetBeansProjects\Travel and Tourism\src\travel\and\tourism\Loading.java C:\Users\RAMU\OneDrive\Documents\NetBeansProjects\Travel and Tourism\src\travel\and\tourism\Login.java C:\Users\RAMU\OneDrive\Documents\NetBeansProjects\Travel and Tourism\src\travel\and\tourism\Signup.java C:\Users\RAMU\OneDrive\Documents\NetBeansProjects\Travel and Tourism\src\travel\and\tourism\Splash.java C:\Users\RAMU\OneDrive\Documents\NetBeansProjects\Travel and Tourism\src\travel\and\tourism\UpdateCustomer.java C:\Users\RAMU\OneDrive\Documents\NetBeansProjects\Travel and Tourism\src\travel\and\tourism\ViewCustomer.java

Host: Intel(R) Core(TM) i5-8250U CPU @ 1.60GHz, 8 cores, 7G,  Windows 10 , 64 bit Build 18362 (10.0.18362.959)
Time: Tue Apr  2 18:52:39 2024 India Standard Time elapsed time: 1.305396 seconds (0d 0h 0m 1s)

---------------  T H R E A D  ---------------

Current thread (0x000001958e2be9b0):  JavaThread "main"             [_thread_in_vm, id=11332, stack(0x0000007bc7300000,0x0000007bc7400000) (1024K)]

Stack: [0x0000007bc7300000,0x0000007bc7400000]
Native frames: (J=compiled Java code, j=interpreted, Vv=VM code, C=native code)
V  [jvm.dll+0x6e2349]  (no source info available)
V  [jvm.dll+0x874ed3]  (no source info available)
V  [jvm.dll+0x8772fe]  (no source info available)
V  [jvm.dll+0x8779d3]  (no source info available)
V  [jvm.dll+0x27fcb6]  (no source info available)
V  [jvm.dll+0x870b1e]  (no source info available)
V  [jvm.dll+0x6853b5]  (no source info available)
V  [jvm.dll+0x68541a]  (no source info available)
V  [jvm.dll+0x687c5a]  (no source info available)
V  [jvm.dll+0x22509c]  (no source info available)
V  [jvm.dll+0x685dce]  (no source info available)
V  [jvm.dll+0x269e9f]  (no source info available)
V  [jvm.dll+0x690024]  (no source info available)
V  [jvm.dll+0x2152f1]  (no source info available)
V  [jvm.dll+0x21577a]  (no source info available)
V  [jvm.dll+0x2161a1]  (no source info available)
V  [jvm.dll+0x20b4de]  (no source info available)
V  [jvm.dll+0x5c471f]  (no source info available)
V  [jvm.dll+0x21cc5a]  (no source info available)
V  [jvm.dll+0x7eb79c]  (no source info available)
V  [jvm.dll+0x7ec836]  (no source info available)
V  [jvm.dll+0x7ece44]  (no source info available)
V  [jvm.dll+0x7ecac8]  (no source info available)
V  [jvm.dll+0x26d70b]  (no source info available)
V  [jvm.dll+0x26d93a]  (no source info available)
V  [jvm.dll+0x5e7e17]  (no source info available)
V  [jvm.dll+0x5eae16]  (no source info available)
V  [jvm.dll+0x3dd7ed]  (no source info available)
V  [jvm.dll+0x3dcded]  (no source info available)
C  0x000001959fce9871  (no source info available)

The last pc belongs to invokestatic (printed below).
Java frames: (J=compiled Java code, j=interpreted, Vv=VM code)
j  java.lang.Module.implAddEnableNativeAccess()Ljava/lang/Module;+1 java.base
j  java.lang.System$2.addEnableNativeAccess(Ljava/lang/Module;)Ljava/lang/Module;+1 java.base
j  jdk.internal.loader.BootLoader.<clinit>()V+30 java.base
v  ~StubRoutines::call_stub 0x000001959fcd100d
j  jdk.internal.module.ModuleBootstrap.boot2()Ljava/lang/ModuleLayer;+358 java.base
j  jdk.internal.module.ModuleBootstrap.boot()Ljava/lang/ModuleLayer;+64 java.base
j  java.lang.System.initPhase2(ZZ)I+0 java.base
v  ~StubRoutines::call_stub 0x000001959fcd100d
invokestatic  184 invokestatic  [0x000001959fce97c0, 0x000001959fce9a88]  712 bytes
[MachCode]
  0x000001959fce97c0: 4883 ec08 | c5fa 1104 | 24eb 1f48 | 83ec 10c5 | fb11 0424 | eb14 4883 | ec10 4889 | 0424 48c7 
  0x000001959fce97e0: 4424 0800 | 0000 00eb | 0150 488b | 4dd0 410f | b755 0148 | 8b49 306b | d218 488d | 4c11 080f 
  0x000001959fce9800: b659 1681 | fbb8 0000 | 000f 84bd | 0000 00bb | b800 0000 | e805 0000 | 00e9 9900 | 0000 488b 
  0x000001959fce9820: d348 8d44 | 2408 4c89 | 6dc0 498b | cfc5 f877 | 4989 afb0 | 0300 0049 | 8987 a003 | 0000 4883 
  0x000001959fce9840: ec20 40f6 | c40f 0f84 | 1900 0000 | 4883 ec08 | 48b8 80cd | fea5 f87f | 0000 ffd0 | 4883 c408 
  0x000001959fce9860: e90c 0000 | 0048 b880 | cdfe a5f8 | 7f00 00ff | d048 83c4 | 2049 c787 | a003 0000 | 0000 0000 
  0x000001959fce9880: 49c7 87b0 | 0300 0000 | 0000 0049 | c787 a803 | 0000 0000 | 0000 c5f8 | 7749 837f | 0800 0f84 
  0x000001959fce98a0: 0500 0000 | e957 76fe | ff4c 8b6d | c04c 8b75 | c84e 8d74 | f500 c348 | 8b4d d041 | 0fb7 5501 
  0x000001959fce98c0: 488b 4930 | 6bd2 1848 | 8d4c 1108 | 488b 1948 | 8b5b 0848 | 8b5b 0848 | 8b5b 1880 | bb20 0100 
  0x000001959fce98e0: 0005 0f84 | 0d00 0000 | 4c3b bb30 | 0100 000f | 851a ffff | ff0f b651 | 1548 8b19 | 4c89 6dc0 
  0x000001959fce9900: 448b ea0f | b651 1449 | ba00 c988 | a6f8 7f00 | 0049 8b14 | d252 418b | d54c 8b6d | c048 8b45 
  0x000001959fce9920: d848 85c0 | 0f84 1200 | 0000 4883 | 4008 0148 | 8358 0800 | 4883 c010 | 4889 45d8 | 488b 45d8 
  0x000001959fce9940: 4885 c00f | 8423 0100 | 0080 78f0 | 0a0f 8519 | 0100 0048 | 83c0 084c | 8b68 f841 | 83ed 0041 
  0x000001959fce9960: 83fd 020f | 8cf8 0000 | 004c 8b6b | 0845 0fb7 | 6d2e 4c2b | 2841 83ed | 014e 8b6c | ec08 4d85 
  0x000001959fce9980: ed75 0ef6 | 4008 0175 | 4bf0 4883 | 4808 01eb | 4345 8b6d | 084d 8bd5 | 4c33 6808 | 49f7 c5fc 
  0x000001959fce99a0: ffff ff74 | 2f41 f6c5 | 0275 2948 | 8378 0800 | 741e 4883 | 7808 0174 | 174d 8bea | 4c33 6808 
  0x000001959fce99c0: 49f7 c5fc | ffff ff74 | 0b48 8348 | 0802 eb04 | 4c89 6808 | 4883 c010 | 4c8b 68e8 | 4183 ed02 
  0x000001959fce99e0: 4183 fd02 | 0f8c 7700 | 0000 4c8b | 6b08 450f | b76d 2e4c | 2b28 4183 | ed01 4e8b | 6cec 084d 
  0x000001959fce9a00: 85ed 750e | f640 0801 | 754b f048 | 8348 0801 | eb43 458b | 6d08 4d8b | d54c 3368 | 0849 f7c5 
  0x000001959fce9a20: fcff ffff | 742f 41f6 | c502 7529 | 4883 7808 | 0074 1e48 | 8378 0801 | 7417 4d8b | ea4c 3368 
  0x000001959fce9a40: 0849 f7c5 | fcff ffff | 740b 4883 | 4808 02eb | 044c 8968 | 0848 83c0 | 104c 8b68 | d841 83ed 
  0x000001959fce9a60: 0441 c1e5 | 0349 03c5 | 4889 45d8 | 4c8d 6c24 | 0849 8bcd | 482b cd48 | c1f9 0348 | 894d f0ff 
  0x000001959fce9a80: 6350 660f | 1f44 0000 
[/MachCode]

---------------  P R O C E S S  ---------------

Threads class SMR info:
_java_thread_list=0x00000195b100e800, length=9, elements={
0x000001958e2be9b0, 0x00000195accf47b0, 0x00000195b100a480, 0x00000195accfe2e0,
0x00000195b1018840, 0x00000195b10192a0, 0x00000195b1010de0, 0x00000195b1015070,
0x00000195b1015b20
}

Java Threads: ( => current thread )
=>0x000001958e2be9b0 JavaThread "main"                              [_thread_in_vm, id=11332, stack(0x0000007bc7300000,0x0000007bc7400000) (1024K)]
  0x00000195accf47b0 JavaThread "Reference Handler"          daemon [_thread_blocked, id=3428, stack(0x0000007bc7b00000,0x0000007bc7c00000) (1024K)]
  0x00000195b100a480 JavaThread "Finalizer"                  daemon [_thread_blocked, id=8544, stack(0x0000007bc7c00000,0x0000007bc7d00000) (1024K)]
  0x00000195accfe2e0 JavaThread "Signal Dispatcher"          daemon [_thread_blocked, id=8368, stack(0x0000007bc7d00000,0x0000007bc7e00000) (1024K)]
  0x00000195b1018840 JavaThread "Attach Listener"            daemon [_thread_blocked, id=10288, stack(0x0000007bc7e00000,0x0000007bc7f00000) (1024K)]
  0x00000195b10192a0 JavaThread "Service Thread"             daemon [_thread_blocked, id=12616, stack(0x0000007bc7f00000,0x0000007bc8000000) (1024K)]
  0x00000195b1010de0 JavaThread "Monitor Deflation Thread"   daemon [_thread_blocked, id=6376, stack(0x0000007bc8000000,0x0000007bc8100000) (1024K)]
  0x00000195b1015070 JavaThread "C2 CompilerThread0"         daemon [_thread_blocked, id=9372, stack(0x0000007bc8100000,0x0000007bc8200000) (1024K)]
  0x00000195b1015b20 JavaThread "C1 CompilerThread0"         daemon [_thread_blocked, id=11388, stack(0x0000007bc8200000,0x0000007bc8300000) (1024K)]
Total: 9

Other Threads:
  0x00000195acc59db0 VMThread "VM Thread"                           [id=12928, stack(0x0000007bc7a00000,0x0000007bc7b00000) (1024K)] _threads_hazard_ptr=0x00000195b100e800
  0x00000195acc1d0e0 WatcherThread "VM Periodic Task Thread"        [id=12708, stack(0x0000007bc7900000,0x0000007bc7a00000) (1024K)]
  0x00000195904b1b30 WorkerThread "GC Thread#0"                     [id=9640, stack(0x0000007bc7400000,0x0000007bc7500000) (1024K)]
  0x00000195904c2730 ConcurrentGCThread "G1 Main Marker"            [id=13192, stack(0x0000007bc7500000,0x0000007bc7600000) (1024K)]
  0x00000195904c3b40 WorkerThread "G1 Conc#0"                       [id=9648, stack(0x0000007bc7600000,0x0000007bc7700000) (1024K)]
  0x00000195904f2330 ConcurrentGCThread "G1 Refine#0"               [id=7764, stack(0x0000007bc7700000,0x0000007bc7800000) (1024K)]
  0x00000195904f3dd0 ConcurrentGCThread "G1 Service"                [id=4080, stack(0x0000007bc7800000,0x0000007bc7900000) (1024K)]
Total: 7

Threads with active compile tasks:
Total: 0

VM state: synchronizing (normal execution)

VM Mutex/Monitor currently owned by a thread:  ([mutex/lock_event])
[0x00007ff8a687ab48] Metaspace_lock - owner thread: 0x000001958e2be9b0
[0x00007ff8a687cbc8] Threads_lock - owner thread: 0x00000195acc59db0

Heap address: 0x0000000081800000, size: 2024 MB, Compressed Oops mode: 32-bit

CDS archive(s) not mapped
Compressed class space mapped at: 0x000000000f000000-0x000000004f000000, reserved size: 1073741824
Narrow klass base: 0x0000000000000000, Narrow klass shift: 0, Narrow klass range: 0x4f000000

GC Precious Log:
 CardTable entry size: 512
 Card Set container configuration: InlinePtr #cards 5 size 8 Array Of Cards #cards 12 size 40 Howl #buckets 4 coarsen threshold 1843 Howl Bitmap #cards 512 size 80 coarsen threshold 460 Card regions per heap region 1 cards per card region 2048
 CPUs: 8 total, 8 available
 Memory: 8089M
 Large Page Support: Disabled
 NUMA Support: Disabled
 Compressed Oops: Enabled (32-bit)
 Heap Region Size: 1M
 Heap Min Capacity: 8M
 Heap Initial Capacity: 8M
 Heap Max Capacity: 2024M
 Pre-touch: Disabled
 Parallel Workers: 8
 Concurrent Workers: 2
 Concurrent Refinement Workers: 8
 Periodic GC: Disabled

Heap:
 garbage-first heap   total reserved 2072576K, committed 8192K, used 0K [0x0000000081800000, 0x0000000100000000)
  region size 1024K, 1 young (1024K), 0 survivors (0K)
 Metaspace       used 3602K, committed 3648K, reserved 1114112K
  class space    used 274K, committed 320K, reserved 1048576K

Heap Regions: E=young(eden), S=young(survivor), O=old, HS=humongous(starts), HC=humongous(continues), CS=collection set, F=free, TAMS=top-at-mark-start, PB=parsable bottom
|   0|0x0000000081800000, 0x0000000081800000, 0x0000000081900000|  0%| F|  |TAMS 0x0000000081800000| PB 0x0000000081800000| Untracked |  0
|   1|0x0000000081900000, 0x0000000081900000, 0x0000000081a00000|  0%| F|  |TAMS 0x0000000081900000| PB 0x0000000081900000| Untracked |  0
|   2|0x0000000081a00000, 0x0000000081a00000, 0x0000000081b00000|  0%| F|  |TAMS 0x0000000081a00000| PB 0x0000000081a00000| Untracked |  0
|   3|0x0000000081b00000, 0x0000000081b00000, 0x0000000081c00000|  0%| F|  |TAMS 0x0000000081b00000| PB 0x0000000081b00000| Untracked |  0
|   4|0x0000000081c00000, 0x0000000081c00000, 0x0000000081d00000|  0%| F|  |TAMS 0x0000000081c00000| PB 0x0000000081c00000| Untracked |  0
|   5|0x0000000081d00000, 0x0000000081d00000, 0x0000000081e00000|  0%| F|  |TAMS 0x0000000081d00000| PB 0x0000000081d00000| Untracked |  0
|   6|0x0000000081e00000, 0x0000000081e00000, 0x0000000081f00000|  0%| F|  |TAMS 0x0000000081e00000| PB 0x0000000081e00000| Untracked |  0
|   7|0x0000000081f00000, 0x0000000081fa3f50, 0x0000000082000000| 64%| E|  |TAMS 0x0000000081f00000| PB 0x0000000081f00000| Complete |  0

Card table byte_map: [0x00000195a7ed0000,0x00000195a82d0000] _byte_map_base: 0x00000195a7ac4000

Marking Bits: (CMBitMap*) 0x00000195904b2150
 Bits: [0x00000195a82d0000, 0x00000195aa270000)

Polling page: 0x000001958fc20000

Metaspace:

Usage:
  Non-class:      3.25 MB used.
      Class:    274.39 KB used.
       Both:      3.52 MB used.

Virtual space:
  Non-class space:       64.00 MB reserved,       3.25 MB (  5%) committed,  1 nodes.
      Class space:        1.00 GB reserved,     320.00 KB ( <1%) committed,  1 nodes.
             Both:        1.06 GB reserved,       3.56 MB ( <1%) committed. 

Chunk freelists:
   Non-Class:  12.00 MB
       Class:  15.62 MB
        Both:  27.62 MB

MaxMetaspaceSize: unlimited
CompressedClassSpaceSize: 1.00 GB
Initial GC threshold: 21.00 MB
Current GC threshold: 21.00 MB
CDS: off
 - commit_granule_bytes: 65536.
 - commit_granule_words: 8192.
 - virtual_space_node_default_size: 8388608.
 - enlarge_chunks_in_place: 1.
 - use_allocation_guard: 0.


Internal statistics:

num_allocs_failed_limit: 0.
num_arena_births: 2.
num_arena_deaths: 0.
num_vsnodes_births: 2.
num_vsnodes_deaths: 0.
num_space_committed: 57.
num_space_uncommitted: 0.
num_chunks_returned_to_freelist: 0.
num_chunks_taken_from_freelist: 4.
num_chunk_merges: 0.
num_chunk_splits: 2.
num_chunks_enlarged: 0.
num_inconsistent_stats: 0.

CodeHeap 'non-profiled nmethods': size=120000Kb used=3Kb max_used=3Kb free=119996Kb
 bounds [0x00000195a0270000, 0x00000195a04e0000, 0x00000195a77a0000]
CodeHeap 'profiled nmethods': size=120000Kb used=33Kb max_used=33Kb free=119967Kb
 bounds [0x00000195987a0000, 0x0000019598a10000, 0x000001959fcd0000]
CodeHeap 'non-nmethods': size=5760Kb used=1158Kb max_used=1172Kb free=4601Kb
 bounds [0x000001959fcd0000, 0x000001959ff40000, 0x00000195a0270000]
 total_blobs=320 nmethods=27 adapters=198
 compilation: enabled
              stopped_count=0, restarted_count=0
 full_count=0

Compilation events (20 events):
Event: 1.184 Thread 0x00000195b1015b20 nmethod 15 0x00000195987a5e90 code [0x00000195987a6020, 0x00000195987a6188]
Event: 1.184 Thread 0x00000195b1015b20   19       3       java.util.ImmutableCollections$AbstractImmutableCollection::<init> (5 bytes)
Event: 1.184 Thread 0x00000195b1015b20 nmethod 19 0x00000195987a6290 code [0x00000195987a6440, 0x00000195987a6608]
Event: 1.186 Thread 0x00000195b1015070 nmethod 17 0x00000195a0270310 code [0x00000195a0270480, 0x00000195a0270648]
Event: 1.209 Thread 0x00000195b1015b20   20       3       java.lang.String::coder (15 bytes)
Event: 1.209 Thread 0x00000195b1015b20 nmethod 20 0x00000195987a6710 code [0x00000195987a68a0, 0x00000195987a69d8]
Event: 1.209 Thread 0x00000195b1015b20   21       3       java.lang.String::length (11 bytes)
Event: 1.209 Thread 0x00000195b1015b20 nmethod 21 0x00000195987a6a90 code [0x00000195987a6c40, 0x00000195987a6de0]
Event: 1.209 Thread 0x00000195b1015b20   22       1       java.lang.module.ModuleDescriptor::name (5 bytes)
Event: 1.209 Thread 0x00000195b1015b20 nmethod 22 0x00000195a0270710 code [0x00000195a02708a0, 0x00000195a0270968]
Event: 1.210 Thread 0x00000195b1015b20   23       3       java.lang.String::charAt (25 bytes)
Event: 1.210 Thread 0x00000195b1015b20 nmethod 23 0x00000195987a6e90 code [0x00000195987a7080, 0x00000195987a75c0]
Event: 1.210 Thread 0x00000195b1015b20   24       3       java.lang.StringLatin1::charAt (15 bytes)
Event: 1.210 Thread 0x00000195b1015b20 nmethod 24 0x00000195987a7810 code [0x00000195987a79c0, 0x00000195987a7b88]
Event: 1.210 Thread 0x00000195b1015b20   25       3       java.lang.String::checkIndex (10 bytes)
Event: 1.210 Thread 0x00000195b1015b20 nmethod 25 0x00000195987a7c90 code [0x00000195987a7e20, 0x00000195987a7f58]
Event: 1.210 Thread 0x00000195b1015b20   26       3       jdk.internal.util.Preconditions::checkIndex (18 bytes)
Event: 1.210 Thread 0x00000195b1015b20 nmethod 26 0x00000195987a8010 code [0x00000195987a81c0, 0x00000195987a8350]
Event: 1.210 Thread 0x00000195b1015b20   27       1       java.lang.module.ModuleReference::descriptor (5 bytes)
Event: 1.210 Thread 0x00000195b1015b20 nmethod 27 0x00000195a0270a10 code [0x00000195a0270ba0, 0x00000195a0270c68]

GC Heap History (0 events):
No events

Dll operation events (2 events):
Event: 0.008 Loaded shared library C:\Program Files\Java\jdk-22\bin\java.dll
Event: 1.151 Loaded shared library C:\Program Files\Java\jdk-22\bin\jsvml.dll

Deoptimization events (0 events):
No events

Classes loaded (20 events):
Event: 1.206 Loading class java/lang/module/ModuleReference done
Event: 1.206 Loading class jdk/internal/module/SystemModuleFinders$2
Event: 1.206 Loading class java/util/function/Supplier
Event: 1.206 Loading class java/util/function/Supplier done
Event: 1.207 Loading class jdk/internal/module/SystemModuleFinders$2 done
Event: 1.207 Loading class jdk/internal/module/ModuleReferenceImpl
Event: 1.208 Loading class jdk/internal/module/ModuleReferenceImpl done
Event: 1.208 Loading class jdk/internal/module/SystemModuleFinders$3
Event: 1.209 Loading class jdk/internal/module/ModuleHashes$HashSupplier
Event: 1.209 Loading class jdk/internal/module/ModuleHashes$HashSupplier done
Event: 1.209 Loading class jdk/internal/module/SystemModuleFinders$3 done
Event: 1.209 Loading class jdk/internal/module/SystemModuleFinders$SystemModuleFinder
Event: 1.210 Loading class java/lang/module/ModuleFinder
Event: 1.210 Loading class java/lang/module/ModuleFinder done
Event: 1.210 Loading class jdk/internal/module/SystemModuleFinders$SystemModuleFinder done
Event: 1.210 Loading class java/util/Optional
Event: 1.211 Loading class java/util/Optional done
Event: 1.211 Loading class jdk/internal/loader/BootLoader
Event: 1.212 Loading class jdk/internal/loader/BootLoader done
Event: 1.212 Loading class java/lang/Module$EnableNativeAccess

Classes unloaded (0 events):
No events

Classes redefined (0 events):
No events

Internal exceptions (0 events):
No events

ZGC Phase Switch (0 events):
No events

VM Operations (0 events):
No events

Events (9 events):
Event: 0.090 Thread 0x000001958e2be9b0 Thread added: 0x000001958e2be9b0
Event: 1.144 Thread 0x00000195accf47b0 Thread added: 0x00000195accf47b0
Event: 1.144 Thread 0x00000195b100a480 Thread added: 0x00000195b100a480
Event: 1.149 Thread 0x00000195accfe2e0 Thread added: 0x00000195accfe2e0
Event: 1.149 Thread 0x00000195b1018840 Thread added: 0x00000195b1018840
Event: 1.149 Thread 0x00000195b10192a0 Thread added: 0x00000195b10192a0
Event: 1.150 Thread 0x00000195b1010de0 Thread added: 0x00000195b1010de0
Event: 1.150 Thread 0x00000195b1015070 Thread added: 0x00000195b1015070
Event: 1.150 Thread 0x00000195b1015b20 Thread added: 0x00000195b1015b20


Dynamic libraries:
0x00007ff7c30f0000 - 0x00007ff7c30f8000 	C:\Program Files\Java\jdk-22\bin\javac.exe
0x00007ff8f8d80000 - 0x00007ff8f8f70000 	C:\WINDOWS\SYSTEM32\ntdll.dll
0x00007ff8f8b40000 - 0x00007ff8f8bf2000 	C:\WINDOWS\System32\KERNEL32.DLL
0x00007ff8f66b0000 - 0x00007ff8f6954000 	C:\WINDOWS\System32\KERNELBASE.dll
0x00007ff8f5d00000 - 0x00007ff8f5dfa000 	C:\WINDOWS\System32\ucrtbase.dll
0x00007ff8e4cd0000 - 0x00007ff8e4ce7000 	C:\Program Files\Java\jdk-22\bin\jli.dll
0x00007ff8f83d0000 - 0x00007ff8f8473000 	C:\WINDOWS\System32\ADVAPI32.dll
0x00007ff8ed1d0000 - 0x00007ff8ed1eb000 	C:\Program Files\Java\jdk-22\bin\VCRUNTIME140.dll
0x00007ff8f6e60000 - 0x00007ff8f6efe000 	C:\WINDOWS\System32\msvcrt.dll
0x00007ff8f80c0000 - 0x00007ff8f8157000 	C:\WINDOWS\System32\sechost.dll
0x00007ff8f8480000 - 0x00007ff8f85a0000 	C:\WINDOWS\System32\RPCRT4.dll
0x00007ff8f8160000 - 0x00007ff8f82f4000 	C:\WINDOWS\System32\USER32.dll
0x00007ff8f6e00000 - 0x00007ff8f6e21000 	C:\WINDOWS\System32\win32u.dll
0x00007ff8f8d10000 - 0x00007ff8f8d36000 	C:\WINDOWS\System32\GDI32.dll
0x00007ff8ec210000 - 0x00007ff8ec494000 	C:\WINDOWS\WinSxS\amd64_microsoft.windows.common-controls_6595b64144ccf1df_6.0.18362.959_none_e6c7bbbf130c62bb\COMCTL32.dll
0x00007ff8f6960000 - 0x00007ff8f6af6000 	C:\WINDOWS\System32\gdi32full.dll
0x00007ff8f8610000 - 0x00007ff8f8945000 	C:\WINDOWS\System32\combase.dll
0x00007ff8f6ce0000 - 0x00007ff8f6d7e000 	C:\WINDOWS\System32\msvcp_win.dll
0x00007ff8f6d80000 - 0x00007ff8f6e00000 	C:\WINDOWS\System32\bcryptPrimitives.dll
0x00007ff8eea80000 - 0x00007ff8eea8a000 	C:\WINDOWS\SYSTEM32\VERSION.dll
0x00007ff8f6e30000 - 0x00007ff8f6e5e000 	C:\WINDOWS\System32\IMM32.DLL
0x00007ff8ed1c0000 - 0x00007ff8ed1cc000 	C:\Program Files\Java\jdk-22\bin\vcruntime140_1.dll
0x00007ff8a5260000 - 0x00007ff8a52ee000 	C:\Program Files\Java\jdk-22\bin\msvcp140.dll
0x00007ff8a5c10000 - 0x00007ff8a6958000 	C:\Program Files\Java\jdk-22\bin\server\jvm.dll
0x00007ff8f5c80000 - 0x00007ff8f5cca000 	C:\WINDOWS\System32\POWRPROF.dll
0x00007ff8f5c30000 - 0x00007ff8f5c40000 	C:\WINDOWS\System32\UMPDC.dll
0x00007ff8f85a0000 - 0x00007ff8f860f000 	C:\WINDOWS\System32\WS2_32.dll
0x00007ff8f3330000 - 0x00007ff8f3354000 	C:\WINDOWS\SYSTEM32\WINMM.dll
0x00007ff8f3300000 - 0x00007ff8f332d000 	C:\WINDOWS\SYSTEM32\winmmbase.dll
0x00007ff8f6660000 - 0x00007ff8f66aa000 	C:\WINDOWS\System32\cfgmgr32.dll
0x00007ff8f5c60000 - 0x00007ff8f5c71000 	C:\WINDOWS\System32\kernel.appcore.dll
0x00007ff8dcb50000 - 0x00007ff8dcb5a000 	C:\Program Files\Java\jdk-22\bin\jimage.dll
0x00007ff8f4800000 - 0x00007ff8f49f4000 	C:\WINDOWS\SYSTEM32\DBGHELP.DLL
0x00007ff8da640000 - 0x00007ff8da66a000 	C:\WINDOWS\SYSTEM32\dbgcore.DLL
0x00007ff8db870000 - 0x00007ff8db88e000 	C:\Program Files\Java\jdk-22\bin\java.dll
0x00007ff8f79c0000 - 0x00007ff8f80a6000 	C:\WINDOWS\System32\SHELL32.dll
0x00007ff8f7280000 - 0x00007ff8f7329000 	C:\WINDOWS\System32\shcore.dll
0x00007ff8f5e20000 - 0x00007ff8f65a2000 	C:\WINDOWS\System32\windows.storage.dll
0x00007ff8f5cd0000 - 0x00007ff8f5cf3000 	C:\WINDOWS\System32\profapi.dll
0x00007ff8f7400000 - 0x00007ff8f7452000 	C:\WINDOWS\System32\shlwapi.dll
0x00007ff8f5e00000 - 0x00007ff8f5e17000 	C:\WINDOWS\System32\cryptsp.dll
0x00007ff8f6f00000 - 0x00007ff8f7057000 	C:\WINDOWS\System32\ole32.dll
0x00007ff8a5b30000 - 0x00007ff8a5c07000 	C:\Program Files\Java\jdk-22\bin\jsvml.dll

dbghelp: loaded successfully - version: 4.0.5 - missing functions: none
symbol engine: initialized successfully - sym options: 0x614 - pdb path: .;C:\Program Files\Java\jdk-22\bin;C:\WINDOWS\SYSTEM32;C:\WINDOWS\WinSxS\amd64_microsoft.windows.common-controls_6595b64144ccf1df_6.0.18362.959_none_e6c7bbbf130c62bb;C:\Program Files\Java\jdk-22\bin\server

VM Arguments:
jvm_args: -Dapplication.home=C:\Program Files\Java\jdk-22 --add-modules=ALL-DEFAULT -Xms8m -Djdk.module.main=jdk.compiler 
java_command: jdk.compiler/com.sun.tools.javac.Main -d C:\Users\RAMU\OneDrive\Documents\NetBeansProjects\Travel and Tourism\build\classes -classpath C:\Users\RAMU\OneDrive\Documents\NetBeansProjects\Travel and Tourism\build\classes;C:\mysql-connector-java-8.0.28.jar -sourcepath C:\Users\RAMU\OneDrive\Documents\NetBeansProjects\Travel and Tourism\build\empty -target 22 -encoding UTF-8 -g -processorpath C:\mysql-connector-java-8.0.28.jar;C:\Users\RAMU\OneDrive\Documents\NetBeansProjects\Travel and Tourism\build\empty -s C:\Users\RAMU\OneDrive\Documents\NetBeansProjects\Travel and Tourism\build\generated-sources\ap-source-output -source 22 C:\Users\RAMU\OneDrive\Documents\NetBeansProjects\Travel and Tourism\src\travel\and\tourism\AddCustomer.java C:\Users\RAMU\OneDrive\Documents\NetBeansProjects\Travel and Tourism\src\travel\and\tourism\BookPackage.java C:\Users\RAMU\OneDrive\Documents\NetBeansProjects\Travel and Tourism\src\travel\and\tourism\CheckPackage.java C:\Users\RAMU\OneDrive\Documents\NetBeansProjects\Travel and Tourism\src\travel\and\tourism\Conn.java C:\Users\RAMU\OneDrive\Documents\NetBeansProjects\Travel and Tourism\src\travel\and\tourism\Dashboard.java C:\Users\RAMU\OneDrive\Documents\NetBeansProjects\Travel and Tourism\src\travel\and\tourism\ForgetPassword.java C:\Users\RAMU\OneDrive\Documents\NetBeansProjects\Travel and Tourism\src\travel\and\tourism\Loading.java C:\Users\RAMU\OneDrive\Documents\NetBeansProjects\Travel and Tourism\src\travel\and\tourism\Login.java C:\Users\RAMU\OneDrive\Documents\NetBeansProjects\Travel and Tourism\src\travel\and\tourism\Signup.java C:\Users\RAMU\OneDrive\Documents\NetBeansProjects\Travel and Tourism\src\travel\and\tourism\Splash.java C:\Users\RAMU\OneDrive\Documents\NetBeansProjects\Travel and Tourism\src\travel\and\tourism\UpdateCustomer.java C:\Users\RAMU\OneDrive\Documents\NetBeansProjects\Travel and Tourism\src\travel\and\tourism\ViewCustomer.java
java_class_path (initial): <not set>
Launcher Type: SUN_STANDARD

[Global flags]
     intx CICompilerCount                          = 4                                         {product} {ergonomic}
     uint ConcGCThreads                            = 2                                         {product} {ergonomic}
     uint G1ConcRefinementThreads                  = 8                                         {product} {ergonomic}
   size_t G1HeapRegionSize                         = 1048576                                   {product} {ergonomic}
   size_t InitialHeapSize                          = 8388608                                   {product} {command line}
   size_t MarkStackSize                            = 4194304                                   {product} {ergonomic}
   size_t MaxHeapSize                              = 2122317824                                {product} {ergonomic}
   size_t MaxNewSize                               = 1272971264                                {product} {ergonomic}
   size_t MinHeapDeltaBytes                        = 1048576                                   {product} {ergonomic}
   size_t MinHeapSize                              = 8388608                                   {product} {command line}
    uintx NonNMethodCodeHeapSize                   = 5839372                                {pd product} {ergonomic}
    uintx NonProfiledCodeHeapSize                  = 122909434                              {pd product} {ergonomic}
    uintx ProfiledCodeHeapSize                     = 122909434                              {pd product} {ergonomic}
    uintx ReservedCodeCacheSize                    = 251658240                              {pd product} {ergonomic}
     bool SegmentedCodeCache                       = true                                      {product} {ergonomic}
   size_t SoftMaxHeapSize                          = 2122317824                             {manageable} {ergonomic}
     bool UseCompressedOops                        = true                           {product lp64_product} {ergonomic}
     bool UseG1GC                                  = true                                      {product} {ergonomic}
     bool UseLargePagesIndividualAllocation        = false                                  {pd product} {ergonomic}

Logging:
Log output configuration:
 #0: stdout all=warning uptime,level,tags foldmultilines=false
 #1: stderr all=off uptime,level,tags foldmultilines=false

Environment Variables:
JAVA_HOME=C:\Program Files\Java\jdk-22
PATH=C:\Program Files\Common Files\Oracle\Java\javapath;C:\Program Files\Java\jdk1.8.0_291\bin;C:\Program Files (x86)\Microsoft SQL Server\160\DTS\Binn\;C:\Program Files\Azure Data Studio\bin;C:\Program Files\Microsoft SQL Server\150\Tools\Binn\;C:\Program Files\Microsoft SQL Server\Client SDK\ODBC\170\Tools\Binn\;C:\Program Files\dotnet\;C:\Program Files\nodejs\;C:\Program Files\Java\jdk-22\bin;C:\Program Files\MySQL\MySQL Shell 8.0\bin\;C:\Users\RAMU\AppData\Local\Microsoft\WindowsApps;C:\Users\RAMU\AppData\Local\GitHubDesktop\bin;C:\Program Files\Azure Data Studio\bin;C:\Users\RAMU\.dotnet\tools;C:\Users\RAMU\AppData\Roaming\npm;C:\Users\RAMU\AppData\Local\Programs\Microsoft VS Code\bin
USERNAME=RAMU
OS=Windows_NT
PROCESSOR_IDENTIFIER=Intel64 Family 6 Model 142 Stepping 10, GenuineIntel
TMP=C:\Users\RAMU\AppData\Local\Temp
TEMP=C:\Users\RAMU\AppData\Local\Temp




Periodic native trim disabled

---------------  S Y S T E M  ---------------

OS:
 Windows 10 , 64 bit Build 18362 (10.0.18362.959)
OS uptime: 0 days 2:25 hours

CPU: total 8 (initial active 8) (4 cores per cpu, 2 threads per core) family 6 model 142 stepping 10 microcode 0xb4, cx8, cmov, fxsr, ht, mmx, 3dnowpref, sse, sse2, sse3, ssse3, sse4.1, sse4.2, popcnt, lzcnt, tsc, tscinvbit, avx, avx2, aes, erms, clmul, bmi1, bmi2, adx, fma, vzeroupper, clflush, clflushopt, rdtscp, f16c
Processor Information for all 8 processors :
  Max Mhz: 1800, Current Mhz: 1600, Mhz Limit: 1584

Memory: 4k page, system-wide physical 8089M (1134M free)
TotalPageFile size 31839M (AvailPageFile size 0M)
current process WorkingSet (physical memory assigned to process): 25M, peak: 25M
current process commit charge ("private bytes"): 76M, peak: 76M

vm_info: Java HotSpot(TM) 64-Bit Server VM (22+36-2370) for windows-amd64 JRE (22+36-2370), built on 2024-02-15T22:15:19Z by "mach5one" with MS VC++ 17.6 (VS2022)

END.
